1640121999801	geckodriver	INFO	Listening on 127.0.0.1:60578
1640121999897	mozrunner::runner	INFO	Running command: "/Applications/Firefox.app/Contents/MacOS/firefox-bin" "--marionette" "--remote-debugging-port" "60579" "-foreground" "-no-remote" "-profile" "/var/folders/wn/v73tvkt90zv12blz6_7p3sb80000gn/T/rust_mozprofileLFFWrZ"
2021-12-21 16:26:43.584 firefox-bin[67515:642564] Warning: Expected min height of view: (<NSButton: 0x118953800>) to be less than or equal to 30 but got a height of 32.000000. This error will be logged once per view in violation.
2021-12-21 16:26:43.585 firefox-bin[67515:642564] Warning: Expected min height of view: (<NSButton: 0x11bbb9400>) to be less than or equal to 30 but got a height of 32.000000. This error will be logged once per view in violation.
2021-12-21 16:26:43.585 firefox-bin[67515:642564] Warning: Expected min height of view: (<NSButton: 0x11bbb7c00>) to be less than or equal to 30 but got a height of 32.000000. This error will be logged once per view in violation.
2021-12-21 16:26:43.586 firefox-bin[67515:642564] Warning: Expected min height of view: (<NSButton: 0x11bbb8000>) to be less than or equal to 30 but got a height of 32.000000. This error will be logged once per view in violation.
2021-12-21 16:26:43.586 firefox-bin[67515:642564] Warning: Expected min height of view: (<NSButton: 0x11bbb8800>) to be less than or equal to 30 but got a height of 32.000000. This error will be logged once per view in violation.
2021-12-21 16:26:43.587 firefox-bin[67515:642564] Warning: Expected min height of view: (<NSPopoverTouchBarItemButton: 0x11bc04800>) to be less than or equal to 30 but got a height of 32.000000. This error will be logged once per view in violation.
2021-12-21 16:26:43.587 firefox-bin[67515:642564] Warning: Expected min height of view: (<NSPopoverTouchBarItemButton: 0x11b006800>) to be less than or equal to 30 but got a height of 32.000000. This error will be logged once per view in violation.
DevTools listening on ws://localhost:60579/devtools/browser/14473aad-a9ef-4c0a-ae68-e78bac458360
2021-12-21 16:26:57.380 firefox-bin[67515:642564] Warning: Expected min height of view: (<NSButton: 0x1098e8000>) to be less than or equal to 30 but got a height of 32.000000. This error will be logged once per view in violation.
2021-12-21 16:26:57.381 firefox-bin[67515:642564] Warning: Expected min height of view: (<NSButton: 0x11b00ec00>) to be less than or equal to 30 but got a height of 32.000000. This error will be logged once per view in violation.
2021-12-21 16:26:57.381 firefox-bin[67515:642564] Warning: Expected min height of view: (<NSButton: 0x11b73e400>) to be less than or equal to 30 but got a height of 32.000000. This error will be logged once per view in violation.
2021-12-21 16:26:57.382 firefox-bin[67515:642564] Warning: Expected min height of view: (<NSButton: 0x11b748c00>) to be less than or equal to 30 but got a height of 32.000000. This error will be logged once per view in violation.
2021-12-21 16:26:57.383 firefox-bin[67515:642564] Warning: Expected min height of view: (<NSButton: 0x11bce7400>) to be less than or equal to 30 but got a height of 32.000000. This error will be logged once per view in violation.
2021-12-21 16:26:57.383 firefox-bin[67515:642564] Warning: Expected min height of view: (<NSPopoverTouchBarItemButton: 0x11c25bc00>) to be less than or equal to 30 but got a height of 32.000000. This error will be logged once per view in violation.
2021-12-21 16:26:57.384 firefox-bin[67515:642564] Warning: Expected min height of view: (<NSPopoverTouchBarItemButton: 0x11c2b1800>) to be less than or equal to 30 but got a height of 32.000000. This error will be logged once per view in violation.
2021-12-21 16:27:15.777 firefox-bin[67515:642564] Warning: Expected min height of view: (<NSButton: 0x10cd26400>) to be less than or equal to 30 but got a height of 32.000000. This error will be logged once per view in violation.
2021-12-21 16:27:15.778 firefox-bin[67515:642564] Warning: Expected min height of view: (<NSButton: 0x11888f800>) to be less than or equal to 30 but got a height of 32.000000. This error will be logged once per view in violation.
2021-12-21 16:27:15.779 firefox-bin[67515:642564] Warning: Expected min height of view: (<NSButton: 0x118edf400>) to be less than or equal to 30 but got a height of 32.000000. This error will be logged once per view in violation.
2021-12-21 16:27:15.779 firefox-bin[67515:642564] Warning: Expected min height of view: (<NSButton: 0x118edc000>) to be less than or equal to 30 but got a height of 32.000000. This error will be logged once per view in violation.
2021-12-21 16:27:15.780 firefox-bin[67515:642564] Warning: Expected min height of view: (<NSButton: 0x118eddc00>) to be less than or equal to 30 but got a height of 32.000000. This error will be logged once per view in violation.
2021-12-21 16:27:15.780 firefox-bin[67515:642564] Warning: Expected min height of view: (<NSPopoverTouchBarItemButton: 0x11c257000>) to be less than or equal to 30 but got a height of 32.000000. This error will be logged once per view in violation.
2021-12-21 16:27:15.781 firefox-bin[67515:642564] Warning: Expected min height of view: (<NSPopoverTouchBarItemButton: 0x11c25b800>) to be less than or equal to 30 but got a height of 32.000000. This error will be logged once per view in violation.
1640122063448	geckodriver	INFO	Listening on 127.0.0.1:60696
1640122063966	mozrunner::runner	INFO	Running command: "/Applications/Firefox.app/Contents/MacOS/firefox-bin" "--marionette" "--remote-debugging-port" "60697" "-foreground" "-no-remote" "-profile" "/var/folders/wn/v73tvkt90zv12blz6_7p3sb80000gn/T/rust_mozprofileMKAvG4"
1640122064335	Marionette	INFO	Marionette enabled
2021-12-21 16:27:44.865 firefox-bin[67532:643543] Warning: Expected min height of view: (<NSButton: 0x127a7f400>) to be less than or equal to 30 but got a height of 32.000000. This error will be logged once per view in violation.
2021-12-21 16:27:44.865 firefox-bin[67532:643543] Warning: Expected min height of view: (<NSButton: 0x127ab3c00>) to be less than or equal to 30 but got a height of 32.000000. This error will be logged once per view in violation.
2021-12-21 16:27:44.866 firefox-bin[67532:643543] Warning: Expected min height of view: (<NSButton: 0x127ab6000>) to be less than or equal to 30 but got a height of 32.000000. This error will be logged once per view in violation.
2021-12-21 16:27:44.867 firefox-bin[67532:643543] Warning: Expected min height of view: (<NSButton: 0x127ab8000>) to be less than or equal to 30 but got a height of 32.000000. This error will be logged once per view in violation.
2021-12-21 16:27:44.867 firefox-bin[67532:643543] Warning: Expected min height of view: (<NSButton: 0x127ab4800>) to be less than or equal to 30 but got a height of 32.000000. This error will be logged once per view in violation.
2021-12-21 16:27:44.868 firefox-bin[67532:643543] Warning: Expected min height of view: (<NSPopoverTouchBarItemButton: 0x127ab5400>) to be less than or equal to 30 but got a height of 32.000000. This error will be logged once per view in violation.
2021-12-21 16:27:44.868 firefox-bin[67532:643543] Warning: Expected min height of view: (<NSPopoverTouchBarItemButton: 0x120a0f400>) to be less than or equal to 30 but got a height of 32.000000. This error will be logged once per view in violation.
console.warn: SearchSettings: "get: No settings file exists, new profile?" (new NotFoundError("Could not open the file at /var/folders/wn/v73tvkt90zv12blz6_7p3sb80000gn/T/rust_mozprofileMKAvG4/search.json.mozlz4", (void 0)))
console.error: BackgroundUpdate: 
  _reasonsToNotScheduleUpdates: Failed to check for Maintenance Service Registry Key: [Exception... "Component returned failure code: 0x80004001 (NS_ERROR_NOT_IMPLEMENTED) [nsIUpdateProcessor.getServiceRegKeyExists]"  nsresult: "0x80004001 (NS_ERROR_NOT_IMPLEMENTED)"  location: "JS frame :: resource://gre/modules/BackgroundUpdate.jsm :: _reasonsToNotScheduleUpdates :: line 243"  data: no]
DevTools listening on ws://localhost:60697/devtools/browser/a93ce05e-f39c-47cc-a555-29690afeb80d
1640122065942	Marionette	INFO	Listening on port 60702
1640122066022	RemoteAgent	WARN	TLS certificate errors will be ignored for this session
JavaScript error: resource:///actors/FormValidationChild.jsm, line 177: TypeError: this._element is null
1640122067125	Marionette	INFO	Stopped listening on port 60702

###!!! [Parent][RunMessage] Error: Channel closing: too late to send/recv, messages will be lost

2021-12-21 16:27:51.763 firefox-bin[67515:642564] Warning: Expected min height of view: (<NSButton: 0x109773c00>) to be less than or equal to 30 but got a height of 32.000000. This error will be logged once per view in violation.
2021-12-21 16:27:51.763 firefox-bin[67515:642564] Warning: Expected min height of view: (<NSButton: 0x11bc0b000>) to be less than or equal to 30 but got a height of 32.000000. This error will be logged once per view in violation.
2021-12-21 16:27:51.764 firefox-bin[67515:642564] Warning: Expected min height of view: (<NSButton: 0x11bce0400>) to be less than or equal to 30 but got a height of 32.000000. This error will be logged once per view in violation.
2021-12-21 16:27:51.765 firefox-bin[67515:642564] Warning: Expected min height of view: (<NSButton: 0x11bce1c00>) to be less than or equal to 30 but got a height of 32.000000. This error will be logged once per view in violation.
2021-12-21 16:27:51.765 firefox-bin[67515:642564] Warning: Expected min height of view: (<NSButton: 0x11bce3000>) to be less than or equal to 30 but got a height of 32.000000. This error will be logged once per view in violation.
2021-12-21 16:27:51.766 firefox-bin[67515:642564] Warning: Expected min height of view: (<NSPopoverTouchBarItemButton: 0x11bcdf000>) to be less than or equal to 30 but got a height of 32.000000. This error will be logged once per view in violation.
2021-12-21 16:27:51.766 firefox-bin[67515:642564] Warning: Expected min height of view: (<NSPopoverTouchBarItemButton: 0x11bcea400>) to be less than or equal to 30 but got a height of 32.000000. This error will be logged once per view in violation.
2021-12-21 16:28:19.693 plugin-container[67538:644087] nil host used in call to allowsSpecificHTTPSCertificateForHost
2021-12-21 16:28:19.693 plugin-container[67538:644087] nil host used in call to allowsAnyHTTPSCertificateForHost:
2021-12-21 16:28:19.710 plugin-container[67538:644087] nil host used in call to allowsSpecificHTTPSCertificateForHost
2021-12-21 16:28:19.710 plugin-container[67538:644087] nil host used in call to allowsAnyHTTPSCertificateForHost:
2021-12-21 16:28:19.711 plugin-container[67538:644092] nil host used in call to allowsSpecificHTTPSCertificateForHost
2021-12-21 16:28:19.711 plugin-container[67538:644092] nil host used in call to allowsAnyHTTPSCertificateForHost:

###!!! [Parent][RunMessage] Error: Channel closing: too late to send/recv, messages will be lost

1640122126957	geckodriver	INFO	Listening on 127.0.0.1:60792
1640122127476	mozrunner::runner	INFO	Running command: "/Applications/Firefox.app/Contents/MacOS/firefox-bin" "--marionette" "--remote-debugging-port" "60793" "-foreground" "-no-remote" "-profile" "/var/folders/wn/v73tvkt90zv12blz6_7p3sb80000gn/T/rust_mozprofilezveLvJ"
1640122127860	Marionette	INFO	Marionette enabled
2021-12-21 16:28:48.401 firefox-bin[67551:644493] Warning: Expected min height of view: (<NSButton: 0x12cc48400>) to be less than or equal to 30 but got a height of 32.000000. This error will be logged once per view in violation.
2021-12-21 16:28:48.402 firefox-bin[67551:644493] Warning: Expected min height of view: (<NSButton: 0x12cca1000>) to be less than or equal to 30 but got a height of 32.000000. This error will be logged once per view in violation.
2021-12-21 16:28:48.402 firefox-bin[67551:644493] Warning: Expected min height of view: (<NSButton: 0x12cca2c00>) to be less than or equal to 30 but got a height of 32.000000. This error will be logged once per view in violation.
2021-12-21 16:28:48.403 firefox-bin[67551:644493] Warning: Expected min height of view: (<NSButton: 0x12cca0400>) to be less than or equal to 30 but got a height of 32.000000. This error will be logged once per view in violation.
2021-12-21 16:28:48.403 firefox-bin[67551:644493] Warning: Expected min height of view: (<NSButton: 0x12cca2400>) to be less than or equal to 30 but got a height of 32.000000. This error will be logged once per view in violation.
2021-12-21 16:28:48.404 firefox-bin[67551:644493] Warning: Expected min height of view: (<NSPopoverTouchBarItemButton: 0x12cca4800>) to be less than or equal to 30 but got a height of 32.000000. This error will be logged once per view in violation.
2021-12-21 16:28:48.405 firefox-bin[67551:644493] Warning: Expected min height of view: (<NSPopoverTouchBarItemButton: 0x125bda000>) to be less than or equal to 30 but got a height of 32.000000. This error will be logged once per view in violation.
console.warn: SearchSettings: "get: No settings file exists, new profile?" (new NotFoundError("Could not open the file at /var/folders/wn/v73tvkt90zv12blz6_7p3sb80000gn/T/rust_mozprofilezveLvJ/search.json.mozlz4", (void 0)))
console.error: BackgroundUpdate: 
  _reasonsToNotScheduleUpdates: Failed to check for Maintenance Service Registry Key: [Exception... "Component returned failure code: 0x80004001 (NS_ERROR_NOT_IMPLEMENTED) [nsIUpdateProcessor.getServiceRegKeyExists]"  nsresult: "0x80004001 (NS_ERROR_NOT_IMPLEMENTED)"  location: "JS frame :: resource://gre/modules/BackgroundUpdate.jsm :: _reasonsToNotScheduleUpdates :: line 243"  data: no]
DevTools listening on ws://localhost:60793/devtools/browser/cc162329-c1dc-46b9-8171-1402a71b63a3
1640122129444	Marionette	INFO	Listening on port 60798
1640122129536	RemoteAgent	WARN	TLS certificate errors will be ignored for this session
1640122131347	Marionette	INFO	Stopped listening on port 60798
console.error: QuickSuggest: (new TypeError("NetworkError: Network request failed", "resource://services-settings/Utils.jsm", 131))

###!!! [Parent][RunMessage] Error: Channel closing: too late to send/recv, messages will be lost

1640122172396	geckodriver	INFO	Listening on 127.0.0.1:60895
1640122172912	mozrunner::runner	INFO	Running command: "/Applications/Firefox.app/Contents/MacOS/firefox-bin" "--marionette" "--remote-debugging-port" "60896" "-foreground" "-no-remote" "-profile" "/var/folders/wn/v73tvkt90zv12blz6_7p3sb80000gn/T/rust_mozprofile22JtWT"
1640122173295	Marionette	INFO	Marionette enabled
2021-12-21 16:29:33.824 firefox-bin[67857:647702] Warning: Expected min height of view: (<NSButton: 0x122ca1c00>) to be less than or equal to 30 but got a height of 32.000000. This error will be logged once per view in violation.
2021-12-21 16:29:33.825 firefox-bin[67857:647702] Warning: Expected min height of view: (<NSButton: 0x128ba7c00>) to be less than or equal to 30 but got a height of 32.000000. This error will be logged once per view in violation.
2021-12-21 16:29:33.825 firefox-bin[67857:647702] Warning: Expected min height of view: (<NSButton: 0x128ba9800>) to be less than or equal to 30 but got a height of 32.000000. This error will be logged once per view in violation.
2021-12-21 16:29:33.826 firefox-bin[67857:647702] Warning: Expected min height of view: (<NSButton: 0x128baac00>) to be less than or equal to 30 but got a height of 32.000000. This error will be logged once per view in violation.
2021-12-21 16:29:33.826 firefox-bin[67857:647702] Warning: Expected min height of view: (<NSButton: 0x128ba6800>) to be less than or equal to 30 but got a height of 32.000000. This error will be logged once per view in violation.
2021-12-21 16:29:33.827 firefox-bin[67857:647702] Warning: Expected min height of view: (<NSPopoverTouchBarItemButton: 0x128bab000>) to be less than or equal to 30 but got a height of 32.000000. This error will be logged once per view in violation.
2021-12-21 16:29:33.827 firefox-bin[67857:647702] Warning: Expected min height of view: (<NSPopoverTouchBarItemButton: 0x121a23400>) to be less than or equal to 30 but got a height of 32.000000. This error will be logged once per view in violation.
console.warn: SearchSettings: "get: No settings file exists, new profile?" (new NotFoundError("Could not open the file at /var/folders/wn/v73tvkt90zv12blz6_7p3sb80000gn/T/rust_mozprofile22JtWT/search.json.mozlz4", (void 0)))
console.error: BackgroundUpdate: 
  _reasonsToNotScheduleUpdates: Failed to check for Maintenance Service Registry Key: [Exception... "Component returned failure code: 0x80004001 (NS_ERROR_NOT_IMPLEMENTED) [nsIUpdateProcessor.getServiceRegKeyExists]"  nsresult: "0x80004001 (NS_ERROR_NOT_IMPLEMENTED)"  location: "JS frame :: resource://gre/modules/BackgroundUpdate.jsm :: _reasonsToNotScheduleUpdates :: line 243"  data: no]
DevTools listening on ws://localhost:60896/devtools/browser/c9335302-de9a-421d-948c-4e483d836c85
1640122174756	Marionette	INFO	Listening on port 60901
1640122174781	RemoteAgent	WARN	TLS certificate errors will be ignored for this session
1640122176244	Marionette	INFO	Stopped listening on port 60901

###!!! [Parent][RunMessage] Error: Channel closing: too late to send/recv, messages will be lost

1640122179950	geckodriver	INFO	Listening on 127.0.0.1:60966
1640122180462	mozrunner::runner	INFO	Running command: "/Applications/Firefox.app/Contents/MacOS/firefox-bin" "--marionette" "--remote-debugging-port" "60967" "-foreground" "-no-remote" "-profile" "/var/folders/wn/v73tvkt90zv12blz6_7p3sb80000gn/T/rust_mozprofilefHZcXg"
1640122180808	Marionette	INFO	Marionette enabled
2021-12-21 16:29:41.349 firefox-bin[67865:648024] Warning: Expected min height of view: (<NSButton: 0x123a5d000>) to be less than or equal to 30 but got a height of 32.000000. This error will be logged once per view in violation.
2021-12-21 16:29:41.349 firefox-bin[67865:648024] Warning: Expected min height of view: (<NSButton: 0x123aabc00>) to be less than or equal to 30 but got a height of 32.000000. This error will be logged once per view in violation.
2021-12-21 16:29:41.350 firefox-bin[67865:648024] Warning: Expected min height of view: (<NSButton: 0x123aaac00>) to be less than or equal to 30 but got a height of 32.000000. This error will be logged once per view in violation.
2021-12-21 16:29:41.351 firefox-bin[67865:648024] Warning: Expected min height of view: (<NSButton: 0x123aac400>) to be less than or equal to 30 but got a height of 32.000000. This error will be logged once per view in violation.
2021-12-21 16:29:41.351 firefox-bin[67865:648024] Warning: Expected min height of view: (<NSButton: 0x123aafc00>) to be less than or equal to 30 but got a height of 32.000000. This error will be logged once per view in violation.
2021-12-21 16:29:41.352 firefox-bin[67865:648024] Warning: Expected min height of view: (<NSPopoverTouchBarItemButton: 0x123ab0800>) to be less than or equal to 30 but got a height of 32.000000. This error will be logged once per view in violation.
2021-12-21 16:29:41.352 firefox-bin[67865:648024] Warning: Expected min height of view: (<NSPopoverTouchBarItemButton: 0x11497b400>) to be less than or equal to 30 but got a height of 32.000000. This error will be logged once per view in violation.
console.warn: SearchSettings: "get: No settings file exists, new profile?" (new NotFoundError("Could not open the file at /var/folders/wn/v73tvkt90zv12blz6_7p3sb80000gn/T/rust_mozprofilefHZcXg/search.json.mozlz4", (void 0)))
console.error: BackgroundUpdate: 
  _reasonsToNotScheduleUpdates: Failed to check for Maintenance Service Registry Key: [Exception... "Component returned failure code: 0x80004001 (NS_ERROR_NOT_IMPLEMENTED) [nsIUpdateProcessor.getServiceRegKeyExists]"  nsresult: "0x80004001 (NS_ERROR_NOT_IMPLEMENTED)"  location: "JS frame :: resource://gre/modules/BackgroundUpdate.jsm :: _reasonsToNotScheduleUpdates :: line 243"  data: no]
DevTools listening on ws://localhost:60967/devtools/browser/0d4770d9-7d31-494f-9be5-5a564cc811c9
1640122182302	Marionette	INFO	Listening on port 60972
1640122182317	RemoteAgent	WARN	TLS certificate errors will be ignored for this session
1640122183883	Marionette	INFO	Stopped listening on port 60972
console.error: QuickSuggest: (new TypeError("NetworkError: Network request failed", "resource://services-settings/Utils.jsm", 131))

###!!! [Parent][RunMessage] Error: Channel closing: too late to send/recv, messages will be lost

1640122417402	geckodriver	INFO	Listening on 127.0.0.1:61184
1640122417917	mozrunner::runner	INFO	Running command: "/Applications/Firefox.app/Contents/MacOS/firefox-bin" "--marionette" "--remote-debugging-port" "61185" "-foreground" "-no-remote" "-profile" "/var/folders/wn/v73tvkt90zv12blz6_7p3sb80000gn/T/rust_mozprofile2SpV9J"
1640122418237	Marionette	INFO	Marionette enabled
2021-12-21 16:33:38.742 firefox-bin[67989:651704] Warning: Expected min height of view: (<NSButton: 0x114db1800>) to be less than or equal to 30 but got a height of 32.000000. This error will be logged once per view in violation.
2021-12-21 16:33:38.743 firefox-bin[67989:651704] Warning: Expected min height of view: (<NSButton: 0x122bbd400>) to be less than or equal to 30 but got a height of 32.000000. This error will be logged once per view in violation.
2021-12-21 16:33:38.744 firefox-bin[67989:651704] Warning: Expected min height of view: (<NSButton: 0x122bc2000>) to be less than or equal to 30 but got a height of 32.000000. This error will be logged once per view in violation.
2021-12-21 16:33:38.744 firefox-bin[67989:651704] Warning: Expected min height of view: (<NSButton: 0x122bba400>) to be less than or equal to 30 but got a height of 32.000000. This error will be logged once per view in violation.
2021-12-21 16:33:38.745 firefox-bin[67989:651704] Warning: Expected min height of view: (<NSButton: 0x122bbf000>) to be less than or equal to 30 but got a height of 32.000000. This error will be logged once per view in violation.
2021-12-21 16:33:38.745 firefox-bin[67989:651704] Warning: Expected min height of view: (<NSPopoverTouchBarItemButton: 0x122bbbc00>) to be less than or equal to 30 but got a height of 32.000000. This error will be logged once per view in violation.
2021-12-21 16:33:38.746 firefox-bin[67989:651704] Warning: Expected min height of view: (<NSPopoverTouchBarItemButton: 0x1116a5c00>) to be less than or equal to 30 but got a height of 32.000000. This error will be logged once per view in violation.
console.warn: SearchSettings: "get: No settings file exists, new profile?" (new NotFoundError("Could not open the file at /var/folders/wn/v73tvkt90zv12blz6_7p3sb80000gn/T/rust_mozprofile2SpV9J/search.json.mozlz4", (void 0)))
console.error: BackgroundUpdate: 
  _reasonsToNotScheduleUpdates: Failed to check for Maintenance Service Registry Key: [Exception... "Component returned failure code: 0x80004001 (NS_ERROR_NOT_IMPLEMENTED) [nsIUpdateProcessor.getServiceRegKeyExists]"  nsresult: "0x80004001 (NS_ERROR_NOT_IMPLEMENTED)"  location: "JS frame :: resource://gre/modules/BackgroundUpdate.jsm :: _reasonsToNotScheduleUpdates :: line 243"  data: no]
DevTools listening on ws://localhost:61185/devtools/browser/2dde51b7-0cd5-4fce-ab70-63b72e383e46
1640122419677	Marionette	INFO	Listening on port 61190
1640122419772	RemoteAgent	WARN	TLS certificate errors will be ignored for this session
1640122421157	Marionette	INFO	Stopped listening on port 61190

###!!! [Parent][RunMessage] Error: Channel closing: too late to send/recv, messages will be lost

1640122864300	geckodriver	INFO	Listening on 127.0.0.1:61311
1640122864814	mozrunner::runner	INFO	Running command: "/Applications/Firefox.app/Contents/MacOS/firefox-bin" "--marionette" "--remote-debugging-port" "61312" "-foreground" "-no-remote" "-profile" "/var/folders/wn/v73tvkt90zv12blz6_7p3sb80000gn/T/rust_mozprofileb0gCqU"
1640122865127	Marionette	INFO	Marionette enabled
2021-12-21 16:41:05.647 firefox-bin[68075:656036] Warning: Expected min height of view: (<NSButton: 0x11a5a3000>) to be less than or equal to 30 but got a height of 32.000000. This error will be logged once per view in violation.
2021-12-21 16:41:05.648 firefox-bin[68075:656036] Warning: Expected min height of view: (<NSButton: 0x1204a5c00>) to be less than or equal to 30 but got a height of 32.000000. This error will be logged once per view in violation.
2021-12-21 16:41:05.648 firefox-bin[68075:656036] Warning: Expected min height of view: (<NSButton: 0x1204a5800>) to be less than or equal to 30 but got a height of 32.000000. This error will be logged once per view in violation.
2021-12-21 16:41:05.649 firefox-bin[68075:656036] Warning: Expected min height of view: (<NSButton: 0x1204a0c00>) to be less than or equal to 30 but got a height of 32.000000. This error will be logged once per view in violation.
2021-12-21 16:41:05.649 firefox-bin[68075:656036] Warning: Expected min height of view: (<NSButton: 0x1204a0400>) to be less than or equal to 30 but got a height of 32.000000. This error will be logged once per view in violation.
2021-12-21 16:41:05.650 firefox-bin[68075:656036] Warning: Expected min height of view: (<NSPopoverTouchBarItemButton: 0x1204a3c00>) to be less than or equal to 30 but got a height of 32.000000. This error will be logged once per view in violation.
2021-12-21 16:41:05.650 firefox-bin[68075:656036] Warning: Expected min height of view: (<NSPopoverTouchBarItemButton: 0x11930b400>) to be less than or equal to 30 but got a height of 32.000000. This error will be logged once per view in violation.
console.warn: SearchSettings: "get: No settings file exists, new profile?" (new NotFoundError("Could not open the file at /var/folders/wn/v73tvkt90zv12blz6_7p3sb80000gn/T/rust_mozprofileb0gCqU/search.json.mozlz4", (void 0)))
console.error: BackgroundUpdate: 
  _reasonsToNotScheduleUpdates: Failed to check for Maintenance Service Registry Key: [Exception... "Component returned failure code: 0x80004001 (NS_ERROR_NOT_IMPLEMENTED) [nsIUpdateProcessor.getServiceRegKeyExists]"  nsresult: "0x80004001 (NS_ERROR_NOT_IMPLEMENTED)"  location: "JS frame :: resource://gre/modules/BackgroundUpdate.jsm :: _reasonsToNotScheduleUpdates :: line 243"  data: no]
DevTools listening on ws://localhost:61312/devtools/browser/cb8fe8b2-5065-4c6d-82e6-01874339fd78
1640122866601	Marionette	INFO	Listening on port 61317
1640122866674	RemoteAgent	WARN	TLS certificate errors will be ignored for this session
SourceActor threw an exception: [Exception... "Component returned failure code: 0x80470002 (NS_BASE_STREAM_CLOSED) [nsIInputStream.available]"  nsresult: "0x80470002 (NS_BASE_STREAM_CLOSED)"  location: "JS frame :: resource://devtools/shared/DevToolsUtils.js :: onResponse :: line 567"  data: no]
Stack: onResponse@resource://devtools/shared/DevToolsUtils.js:567:34
onStopRequest@resource://gre/modules/NetUtil.jsm:128:18
Line: 567, column: 0
console.error: ({})
SourceActor threw an exception: [Exception... "Component returned failure code: 0x80470002 (NS_BASE_STREAM_CLOSED) [nsIInputStream.available]"  nsresult: "0x80470002 (NS_BASE_STREAM_CLOSED)"  location: "JS frame :: resource://devtools/shared/DevToolsUtils.js :: onResponse :: line 567"  data: no]
Stack: onResponse@resource://devtools/shared/DevToolsUtils.js:567:34
onStopRequest@resource://gre/modules/NetUtil.jsm:128:18
Line: 567, column: 0
console.error: ({})
JavaScript error: resource://devtools/shared/DevToolsUtils.js, line 567: NS_BASE_STREAM_CLOSED: Component returned failure code: 0x80470002 (NS_BASE_STREAM_CLOSED) [nsIInputStream.available]
JavaScript error: resource://devtools/shared/DevToolsUtils.js, line 567: NS_BASE_STREAM_CLOSED: Component returned failure code: 0x80470002 (NS_BASE_STREAM_CLOSED) [nsIInputStream.available]
console.error: (new TypeError("browsingContext is null", "resource://devtools/server/actors/watcher/target-helpers/frame-helper.js", 178))
JavaScript error: resource://devtools/server/connectors/js-window-actor/DevToolsFrameChild.jsm, line 347: Error: Trying to destroy a target actor that doesn't exists, or has already been destroyed. Watcher Actor ID:server0.conn0.watcher2
JavaScript error: resource://devtools/server/connectors/js-window-actor/DevToolsFrameChild.jsm, line 347: Error: Trying to destroy a target actor that doesn't exists, or has already been destroyed. Watcher Actor ID:server0.conn0.watcher2
JavaScript error: resource://devtools/server/connectors/js-window-actor/DevToolsFrameChild.jsm, line 347: Error: Trying to destroy a target actor that doesn't exists, or has already been destroyed. Watcher Actor ID:server0.conn0.watcher2
JavaScript error: resource://devtools/server/connectors/js-window-actor/DevToolsFrameChild.jsm, line 347: Error: Trying to destroy a target actor that doesn't exists, or has already been destroyed. Watcher Actor ID:server0.conn0.watcher2
JavaScript error: resource://devtools/server/connectors/js-window-actor/DevToolsFrameChild.jsm, line 347: Error: Trying to destroy a target actor that doesn't exists, or has already been destroyed. Watcher Actor ID:server0.conn0.watcher2
console.log: WebExtensions: reset-default-search: starting.
console.log: WebExtensions: reset-default-search: No addons in our list are installed.
1640123451183	geckodriver	INFO	Listening on 127.0.0.1:61444
1640123451697	mozrunner::runner	INFO	Running command: "/Applications/Firefox.app/Contents/MacOS/firefox-bin" "--marionette" "--remote-debugging-port" "61445" "-foreground" "-no-remote" "-profile" "/var/folders/wn/v73tvkt90zv12blz6_7p3sb80000gn/T/rust_mozprofile9SjvBE"
1640123452035	Marionette	INFO	Marionette enabled
2021-12-21 16:50:52.563 firefox-bin[68132:661853] Warning: Expected min height of view: (<NSButton: 0x1129a6000>) to be less than or equal to 30 but got a height of 32.000000. This error will be logged once per view in violation.
2021-12-21 16:50:52.564 firefox-bin[68132:661853] Warning: Expected min height of view: (<NSButton: 0x114159400>) to be less than or equal to 30 but got a height of 32.000000. This error will be logged once per view in violation.
2021-12-21 16:50:52.564 firefox-bin[68132:661853] Warning: Expected min height of view: (<NSButton: 0x114158000>) to be less than or equal to 30 but got a height of 32.000000. This error will be logged once per view in violation.
2021-12-21 16:50:52.565 firefox-bin[68132:661853] Warning: Expected min height of view: (<NSButton: 0x114154c00>) to be less than or equal to 30 but got a height of 32.000000. This error will be logged once per view in violation.
2021-12-21 16:50:52.565 firefox-bin[68132:661853] Warning: Expected min height of view: (<NSButton: 0x11415a800>) to be less than or equal to 30 but got a height of 32.000000. This error will be logged once per view in violation.
2021-12-21 16:50:52.566 firefox-bin[68132:661853] Warning: Expected min height of view: (<NSPopoverTouchBarItemButton: 0x114159800>) to be less than or equal to 30 but got a height of 32.000000. This error will be logged once per view in violation.
2021-12-21 16:50:52.566 firefox-bin[68132:661853] Warning: Expected min height of view: (<NSPopoverTouchBarItemButton: 0x111711400>) to be less than or equal to 30 but got a height of 32.000000. This error will be logged once per view in violation.
console.warn: SearchSettings: "get: No settings file exists, new profile?" (new NotFoundError("Could not open the file at /var/folders/wn/v73tvkt90zv12blz6_7p3sb80000gn/T/rust_mozprofile9SjvBE/search.json.mozlz4", (void 0)))
console.error: BackgroundUpdate: 
  _reasonsToNotScheduleUpdates: Failed to check for Maintenance Service Registry Key: [Exception... "Component returned failure code: 0x80004001 (NS_ERROR_NOT_IMPLEMENTED) [nsIUpdateProcessor.getServiceRegKeyExists]"  nsresult: "0x80004001 (NS_ERROR_NOT_IMPLEMENTED)"  location: "JS frame :: resource://gre/modules/BackgroundUpdate.jsm :: _reasonsToNotScheduleUpdates :: line 243"  data: no]
DevTools listening on ws://localhost:61445/devtools/browser/896e4559-4d42-4158-ade3-166882a9fa7e
1640123453500	Marionette	INFO	Listening on port 61450
1640123453563	RemoteAgent	WARN	TLS certificate errors will be ignored for this session
1640123491665	geckodriver	INFO	Listening on 127.0.0.1:61528
1640123492181	mozrunner::runner	INFO	Running command: "/Applications/Firefox.app/Contents/MacOS/firefox-bin" "--marionette" "--remote-debugging-port" "61529" "-foreground" "-no-remote" "-profile" "/var/folders/wn/v73tvkt90zv12blz6_7p3sb80000gn/T/rust_mozprofile180b6s"
1640123492564	Marionette	INFO	Marionette enabled
2021-12-21 16:51:33.120 firefox-bin[68142:662481] Warning: Expected min height of view: (<NSButton: 0x12271a400>) to be less than or equal to 30 but got a height of 32.000000. This error will be logged once per view in violation.
2021-12-21 16:51:33.120 firefox-bin[68142:662481] Warning: Expected min height of view: (<NSButton: 0x12986c400>) to be less than or equal to 30 but got a height of 32.000000. This error will be logged once per view in violation.
2021-12-21 16:51:33.121 firefox-bin[68142:662481] Warning: Expected min height of view: (<NSButton: 0x12986b000>) to be less than or equal to 30 but got a height of 32.000000. This error will be logged once per view in violation.
2021-12-21 16:51:33.122 firefox-bin[68142:662481] Warning: Expected min height of view: (<NSButton: 0x12986f400>) to be less than or equal to 30 but got a height of 32.000000. This error will be logged once per view in violation.
2021-12-21 16:51:33.122 firefox-bin[68142:662481] Warning: Expected min height of view: (<NSButton: 0x12986fc00>) to be less than or equal to 30 but got a height of 32.000000. This error will be logged once per view in violation.
2021-12-21 16:51:33.123 firefox-bin[68142:662481] Warning: Expected min height of view: (<NSPopoverTouchBarItemButton: 0x12986ec00>) to be less than or equal to 30 but got a height of 32.000000. This error will be logged once per view in violation.
2021-12-21 16:51:33.123 firefox-bin[68142:662481] Warning: Expected min height of view: (<NSPopoverTouchBarItemButton: 0x122713c00>) to be less than or equal to 30 but got a height of 32.000000. This error will be logged once per view in violation.
console.warn: SearchSettings: "get: No settings file exists, new profile?" (new NotFoundError("Could not open the file at /var/folders/wn/v73tvkt90zv12blz6_7p3sb80000gn/T/rust_mozprofile180b6s/search.json.mozlz4", (void 0)))
console.error: BackgroundUpdate: 
  _reasonsToNotScheduleUpdates: Failed to check for Maintenance Service Registry Key: [Exception... "Component returned failure code: 0x80004001 (NS_ERROR_NOT_IMPLEMENTED) [nsIUpdateProcessor.getServiceRegKeyExists]"  nsresult: "0x80004001 (NS_ERROR_NOT_IMPLEMENTED)"  location: "JS frame :: resource://gre/modules/BackgroundUpdate.jsm :: _reasonsToNotScheduleUpdates :: line 243"  data: no]
DevTools listening on ws://localhost:61529/devtools/browser/2a6b89f0-01d2-4e36-8a7f-938a832b816f
1640123494265	Marionette	INFO	Listening on port 61534
1640123494354	RemoteAgent	WARN	TLS certificate errors will be ignored for this session
1640123580274	geckodriver	INFO	Listening on 127.0.0.1:61630
1640123580791	mozrunner::runner	INFO	Running command: "/Applications/Firefox.app/Contents/MacOS/firefox-bin" "--marionette" "--remote-debugging-port" "61631" "-foreground" "-no-remote" "-profile" "/var/folders/wn/v73tvkt90zv12blz6_7p3sb80000gn/T/rust_mozprofileC3ietj"
1640123581130	Marionette	INFO	Marionette enabled
2021-12-21 16:53:01.678 firefox-bin[68158:663762] Warning: Expected min height of view: (<NSButton: 0x124d45000>) to be less than or equal to 30 but got a height of 32.000000. This error will be logged once per view in violation.
2021-12-21 16:53:01.679 firefox-bin[68158:663762] Warning: Expected min height of view: (<NSButton: 0x124d9e800>) to be less than or equal to 30 but got a height of 32.000000. This error will be logged once per view in violation.
2021-12-21 16:53:01.679 firefox-bin[68158:663762] Warning: Expected min height of view: (<NSButton: 0x124d98400>) to be less than or equal to 30 but got a height of 32.000000. This error will be logged once per view in violation.
2021-12-21 16:53:01.680 firefox-bin[68158:663762] Warning: Expected min height of view: (<NSButton: 0x124d9c400>) to be less than or equal to 30 but got a height of 32.000000. This error will be logged once per view in violation.
2021-12-21 16:53:01.680 firefox-bin[68158:663762] Warning: Expected min height of view: (<NSButton: 0x124d9f000>) to be less than or equal to 30 but got a height of 32.000000. This error will be logged once per view in violation.
2021-12-21 16:53:01.681 firefox-bin[68158:663762] Warning: Expected min height of view: (<NSPopoverTouchBarItemButton: 0x124d98c00>) to be less than or equal to 30 but got a height of 32.000000. This error will be logged once per view in violation.
2021-12-21 16:53:01.681 firefox-bin[68158:663762] Warning: Expected min height of view: (<NSPopoverTouchBarItemButton: 0x11cb73000>) to be less than or equal to 30 but got a height of 32.000000. This error will be logged once per view in violation.
console.warn: SearchSettings: "get: No settings file exists, new profile?" (new NotFoundError("Could not open the file at /var/folders/wn/v73tvkt90zv12blz6_7p3sb80000gn/T/rust_mozprofileC3ietj/search.json.mozlz4", (void 0)))
console.error: BackgroundUpdate: 
  _reasonsToNotScheduleUpdates: Failed to check for Maintenance Service Registry Key: [Exception... "Component returned failure code: 0x80004001 (NS_ERROR_NOT_IMPLEMENTED) [nsIUpdateProcessor.getServiceRegKeyExists]"  nsresult: "0x80004001 (NS_ERROR_NOT_IMPLEMENTED)"  location: "JS frame :: resource://gre/modules/BackgroundUpdate.jsm :: _reasonsToNotScheduleUpdates :: line 243"  data: no]
DevTools listening on ws://localhost:61631/devtools/browser/b75b9d22-6ddc-4db1-855c-82dfa73afc65
1640123582690	Marionette	INFO	Listening on port 61636
1640123582762	RemoteAgent	WARN	TLS certificate errors will be ignored for this session
1640123594905	Marionette	INFO	Stopped listening on port 61636

###!!! [Parent][RunMessage] Error: Channel closing: too late to send/recv, messages will be lost

1640123596098	Marionette	INFO	Stopped listening on port 61534
console.warn: TopSitesFeed: Failed to fetch data from Contile server: NetworkError when attempting to fetch resource.

###!!! [Parent][RunMessage] Error: Channel closing: too late to send/recv, messages will be lost

1640123597752	Marionette	INFO	Stopped listening on port 61450
console.warn: TopSitesFeed: Failed to fetch data from Contile server: NetworkError when attempting to fetch resource.

###!!! [Parent][RunMessage] Error: Channel closing: too late to send/recv, messages will be lost

2021-12-21 16:53:22.187 firefox-bin[68075:656036] Warning: Expected min height of view: (<NSButton: 0x112b56800>) to be less than or equal to 30 but got a height of 32.000000. This error will be logged once per view in violation.
2021-12-21 16:53:22.187 firefox-bin[68075:656036] Warning: Expected min height of view: (<NSButton: 0x117de4800>) to be less than or equal to 30 but got a height of 32.000000. This error will be logged once per view in violation.
2021-12-21 16:53:22.188 firefox-bin[68075:656036] Warning: Expected min height of view: (<NSButton: 0x12c869000>) to be less than or equal to 30 but got a height of 32.000000. This error will be logged once per view in violation.
2021-12-21 16:53:22.188 firefox-bin[68075:656036] Warning: Expected min height of view: (<NSButton: 0x12c862400>) to be less than or equal to 30 but got a height of 32.000000. This error will be logged once per view in violation.
2021-12-21 16:53:22.189 firefox-bin[68075:656036] Warning: Expected min height of view: (<NSButton: 0x12c865c00>) to be less than or equal to 30 but got a height of 32.000000. This error will be logged once per view in violation.
2021-12-21 16:53:22.189 firefox-bin[68075:656036] Warning: Expected min height of view: (<NSPopoverTouchBarItemButton: 0x12c866000>) to be less than or equal to 30 but got a height of 32.000000. This error will be logged once per view in violation.
2021-12-21 16:53:22.190 firefox-bin[68075:656036] Warning: Expected min height of view: (<NSPopoverTouchBarItemButton: 0x12caf2c00>) to be less than or equal to 30 but got a height of 32.000000. This error will be logged once per view in violation.
1640123606455	Marionette	INFO	Stopped listening on port 61317
console.warn: TopSitesFeed: Failed to fetch data from Contile server: NetworkError when attempting to fetch resource.

###!!! [Parent][RunMessage] Error: Channel closing: too late to send/recv, messages will be lost

1640123929559	geckodriver	INFO	Listening on 127.0.0.1:61874
1640123930075	mozrunner::runner	INFO	Running command: "/Applications/Firefox.app/Contents/MacOS/firefox-bin" "--marionette" "--remote-debugging-port" "61875" "-foreground" "-no-remote" "-profile" "/var/folders/wn/v73tvkt90zv12blz6_7p3sb80000gn/T/rust_mozprofileuH3QGj"
1640123930401	Marionette	INFO	Marionette enabled
2021-12-21 16:58:50.958 firefox-bin[68232:668026] Warning: Expected min height of view: (<NSButton: 0x12a74e400>) to be less than or equal to 30 but got a height of 32.000000. This error will be logged once per view in violation.
2021-12-21 16:58:50.959 firefox-bin[68232:668026] Warning: Expected min height of view: (<NSButton: 0x12a7ad000>) to be less than or equal to 30 but got a height of 32.000000. This error will be logged once per view in violation.
2021-12-21 16:58:50.959 firefox-bin[68232:668026] Warning: Expected min height of view: (<NSButton: 0x12a7a6400>) to be less than or equal to 30 but got a height of 32.000000. This error will be logged once per view in violation.
2021-12-21 16:58:50.960 firefox-bin[68232:668026] Warning: Expected min height of view: (<NSButton: 0x12a7aa000>) to be less than or equal to 30 but got a height of 32.000000. This error will be logged once per view in violation.
2021-12-21 16:58:50.960 firefox-bin[68232:668026] Warning: Expected min height of view: (<NSButton: 0x12a7aa400>) to be less than or equal to 30 but got a height of 32.000000. This error will be logged once per view in violation.
2021-12-21 16:58:50.961 firefox-bin[68232:668026] Warning: Expected min height of view: (<NSPopoverTouchBarItemButton: 0x12a7a7800>) to be less than or equal to 30 but got a height of 32.000000. This error will be logged once per view in violation.
2021-12-21 16:58:50.961 firefox-bin[68232:668026] Warning: Expected min height of view: (<NSPopoverTouchBarItemButton: 0x11b6fa400>) to be less than or equal to 30 but got a height of 32.000000. This error will be logged once per view in violation.
console.warn: SearchSettings: "get: No settings file exists, new profile?" (new NotFoundError("Could not open the file at /var/folders/wn/v73tvkt90zv12blz6_7p3sb80000gn/T/rust_mozprofileuH3QGj/search.json.mozlz4", (void 0)))
console.error: BackgroundUpdate: 
  _reasonsToNotScheduleUpdates: Failed to check for Maintenance Service Registry Key: [Exception... "Component returned failure code: 0x80004001 (NS_ERROR_NOT_IMPLEMENTED) [nsIUpdateProcessor.getServiceRegKeyExists]"  nsresult: "0x80004001 (NS_ERROR_NOT_IMPLEMENTED)"  location: "JS frame :: resource://gre/modules/BackgroundUpdate.jsm :: _reasonsToNotScheduleUpdates :: line 243"  data: no]
DevTools listening on ws://localhost:61875/devtools/browser/28c02b50-5990-4cca-98e8-97ac7c858a3c
1640123931907	Marionette	INFO	Listening on port 61880
1640123931946	RemoteAgent	WARN	TLS certificate errors will be ignored for this session
1640123947757	geckodriver	INFO	Listening on 127.0.0.1:61957
1640123948272	mozrunner::runner	INFO	Running command: "/Applications/Firefox.app/Contents/MacOS/firefox-bin" "--marionette" "--remote-debugging-port" "61958" "-foreground" "-no-remote" "-profile" "/var/folders/wn/v73tvkt90zv12blz6_7p3sb80000gn/T/rust_mozprofileKVx9uL"
1640123948585	Marionette	INFO	Marionette enabled
2021-12-21 16:59:09.113 firefox-bin[68240:668468] Warning: Expected min height of view: (<NSButton: 0x115b5ec00>) to be less than or equal to 30 but got a height of 32.000000. This error will be logged once per view in violation.
2021-12-21 16:59:09.114 firefox-bin[68240:668468] Warning: Expected min height of view: (<NSButton: 0x115b8ec00>) to be less than or equal to 30 but got a height of 32.000000. This error will be logged once per view in violation.
2021-12-21 16:59:09.114 firefox-bin[68240:668468] Warning: Expected min height of view: (<NSButton: 0x115b8fc00>) to be less than or equal to 30 but got a height of 32.000000. This error will be logged once per view in violation.
2021-12-21 16:59:09.115 firefox-bin[68240:668468] Warning: Expected min height of view: (<NSButton: 0x115b90800>) to be less than or equal to 30 but got a height of 32.000000. This error will be logged once per view in violation.
2021-12-21 16:59:09.115 firefox-bin[68240:668468] Warning: Expected min height of view: (<NSButton: 0x115b8c400>) to be less than or equal to 30 but got a height of 32.000000. This error will be logged once per view in violation.
2021-12-21 16:59:09.116 firefox-bin[68240:668468] Warning: Expected min height of view: (<NSPopoverTouchBarItemButton: 0x115b90400>) to be less than or equal to 30 but got a height of 32.000000. This error will be logged once per view in violation.
2021-12-21 16:59:09.116 firefox-bin[68240:668468] Warning: Expected min height of view: (<NSPopoverTouchBarItemButton: 0x115b59800>) to be less than or equal to 30 but got a height of 32.000000. This error will be logged once per view in violation.
console.warn: SearchSettings: "get: No settings file exists, new profile?" (new NotFoundError("Could not open the file at /var/folders/wn/v73tvkt90zv12blz6_7p3sb80000gn/T/rust_mozprofileKVx9uL/search.json.mozlz4", (void 0)))
console.error: BackgroundUpdate: 
  _reasonsToNotScheduleUpdates: Failed to check for Maintenance Service Registry Key: [Exception... "Component returned failure code: 0x80004001 (NS_ERROR_NOT_IMPLEMENTED) [nsIUpdateProcessor.getServiceRegKeyExists]"  nsresult: "0x80004001 (NS_ERROR_NOT_IMPLEMENTED)"  location: "JS frame :: resource://gre/modules/BackgroundUpdate.jsm :: _reasonsToNotScheduleUpdates :: line 243"  data: no]
DevTools listening on ws://localhost:61958/devtools/browser/e046960d-c017-423f-9762-1ccd4f545bc8
1640123950114	Marionette	INFO	Listening on port 61963
1640123950147	RemoteAgent	WARN	TLS certificate errors will be ignored for this session
SourceActor threw an exception: [Exception... "Component returned failure code: 0x80470002 (NS_BASE_STREAM_CLOSED) [nsIInputStream.available]"  nsresult: "0x80470002 (NS_BASE_STREAM_CLOSED)"  location: "JS frame :: resource://devtools/shared/DevToolsUtils.js :: onResponse :: line 567"  data: no]
Stack: onResponse@resource://devtools/shared/DevToolsUtils.js:567:34
onStopRequest@resource://gre/modules/NetUtil.jsm:128:18
Line: 567, column: 0
console.error: ({})
JavaScript error: resource://devtools/shared/DevToolsUtils.js, line 567: NS_BASE_STREAM_CLOSED: Component returned failure code: 0x80470002 (NS_BASE_STREAM_CLOSED) [nsIInputStream.available]
SourceActor threw an exception: [Exception... "Component returned failure code: 0x80470002 (NS_BASE_STREAM_CLOSED) [nsIInputStream.available]"  nsresult: "0x80470002 (NS_BASE_STREAM_CLOSED)"  location: "JS frame :: resource://devtools/shared/DevToolsUtils.js :: onResponse :: line 567"  data: no]
Stack: onResponse@resource://devtools/shared/DevToolsUtils.js:567:34
onStopRequest@resource://gre/modules/NetUtil.jsm:128:18
Line: 567, column: 0
console.error: ({})
JavaScript error: resource://devtools/shared/DevToolsUtils.js, line 567: NS_BASE_STREAM_CLOSED: Component returned failure code: 0x80470002 (NS_BASE_STREAM_CLOSED) [nsIInputStream.available]
1640124031908	geckodriver	INFO	Listening on 127.0.0.1:62051
1640124032425	mozrunner::runner	INFO	Running command: "/Applications/Firefox.app/Contents/MacOS/firefox-bin" "--marionette" "--remote-debugging-port" "62052" "-foreground" "-no-remote" "-profile" "/var/folders/wn/v73tvkt90zv12blz6_7p3sb80000gn/T/rust_mozprofileQHRjXm"
1640124032817	Marionette	INFO	Marionette enabled
2021-12-21 17:00:33.349 firefox-bin[68251:669441] Warning: Expected min height of view: (<NSButton: 0x12e433c00>) to be less than or equal to 30 but got a height of 32.000000. This error will be logged once per view in violation.
2021-12-21 17:00:33.350 firefox-bin[68251:669441] Warning: Expected min height of view: (<NSButton: 0x12e47a000>) to be less than or equal to 30 but got a height of 32.000000. This error will be logged once per view in violation.
2021-12-21 17:00:33.350 firefox-bin[68251:669441] Warning: Expected min height of view: (<NSButton: 0x12e475000>) to be less than or equal to 30 but got a height of 32.000000. This error will be logged once per view in violation.
2021-12-21 17:00:33.351 firefox-bin[68251:669441] Warning: Expected min height of view: (<NSButton: 0x12e479800>) to be less than or equal to 30 but got a height of 32.000000. This error will be logged once per view in violation.
2021-12-21 17:00:33.352 firefox-bin[68251:669441] Warning: Expected min height of view: (<NSButton: 0x12e478000>) to be less than or equal to 30 but got a height of 32.000000. This error will be logged once per view in violation.
2021-12-21 17:00:33.352 firefox-bin[68251:669441] Warning: Expected min height of view: (<NSPopoverTouchBarItemButton: 0x12e478c00>) to be less than or equal to 30 but got a height of 32.000000. This error will be logged once per view in violation.
2021-12-21 17:00:33.353 firefox-bin[68251:669441] Warning: Expected min height of view: (<NSPopoverTouchBarItemButton: 0x12625b800>) to be less than or equal to 30 but got a height of 32.000000. This error will be logged once per view in violation.
console.warn: SearchSettings: "get: No settings file exists, new profile?" (new NotFoundError("Could not open the file at /var/folders/wn/v73tvkt90zv12blz6_7p3sb80000gn/T/rust_mozprofileQHRjXm/search.json.mozlz4", (void 0)))
console.error: BackgroundUpdate: 
  _reasonsToNotScheduleUpdates: Failed to check for Maintenance Service Registry Key: [Exception... "Component returned failure code: 0x80004001 (NS_ERROR_NOT_IMPLEMENTED) [nsIUpdateProcessor.getServiceRegKeyExists]"  nsresult: "0x80004001 (NS_ERROR_NOT_IMPLEMENTED)"  location: "JS frame :: resource://gre/modules/BackgroundUpdate.jsm :: _reasonsToNotScheduleUpdates :: line 243"  data: no]
DevTools listening on ws://localhost:62052/devtools/browser/2d3847e3-779c-43cd-8ea6-e1d8be7c1cf7
1640124034386	Marionette	INFO	Listening on port 62057
1640124034496	RemoteAgent	WARN	TLS certificate errors will be ignored for this session
1640124063537	Marionette	INFO	Stopped listening on port 61963

###!!! [Parent][RunMessage] Error: Channel closing: too late to send/recv, messages will be lost

1640124065664	Marionette	INFO	Stopped listening on port 62057
console.warn: TopSitesFeed: Failed to fetch data from Contile server: NetworkError when attempting to fetch resource.

###!!! [Parent][RunMessage] Error: Channel closing: too late to send/recv, messages will be lost

1640124069319	Marionette	INFO	Stopped listening on port 61880
console.warn: TopSitesFeed: Failed to fetch data from Contile server: NetworkError when attempting to fetch resource.

###!!! [Parent][RunMessage] Error: Channel closing: too late to send/recv, messages will be lost

1640124534806	geckodriver	INFO	Listening on 127.0.0.1:62183
1640124535321	mozrunner::runner	INFO	Running command: "/Applications/Firefox.app/Contents/MacOS/firefox-bin" "--marionette" "--remote-debugging-port" "62184" "-foreground" "-no-remote" "-profile" "/var/folders/wn/v73tvkt90zv12blz6_7p3sb80000gn/T/rust_mozprofileevPjDl"
1640124535650	Marionette	INFO	Marionette enabled
2021-12-21 17:08:56.198 firefox-bin[68299:675025] Warning: Expected min height of view: (<NSButton: 0x12e44f800>) to be less than or equal to 30 but got a height of 32.000000. This error will be logged once per view in violation.
2021-12-21 17:08:56.198 firefox-bin[68299:675025] Warning: Expected min height of view: (<NSButton: 0x12e4aac00>) to be less than or equal to 30 but got a height of 32.000000. This error will be logged once per view in violation.
2021-12-21 17:08:56.199 firefox-bin[68299:675025] Warning: Expected min height of view: (<NSButton: 0x12e4ad000>) to be less than or equal to 30 but got a height of 32.000000. This error will be logged once per view in violation.
2021-12-21 17:08:56.199 firefox-bin[68299:675025] Warning: Expected min height of view: (<NSButton: 0x12e4a5c00>) to be less than or equal to 30 but got a height of 32.000000. This error will be logged once per view in violation.
2021-12-21 17:08:56.200 firefox-bin[68299:675025] Warning: Expected min height of view: (<NSButton: 0x12e4a6800>) to be less than or equal to 30 but got a height of 32.000000. This error will be logged once per view in violation.
2021-12-21 17:08:56.200 firefox-bin[68299:675025] Warning: Expected min height of view: (<NSPopoverTouchBarItemButton: 0x12e4a5400>) to be less than or equal to 30 but got a height of 32.000000. This error will be logged once per view in violation.
2021-12-21 17:08:56.201 firefox-bin[68299:675025] Warning: Expected min height of view: (<NSPopoverTouchBarItemButton: 0x11f41ec00>) to be less than or equal to 30 but got a height of 32.000000. This error will be logged once per view in violation.
console.warn: SearchSettings: "get: No settings file exists, new profile?" (new NotFoundError("Could not open the file at /var/folders/wn/v73tvkt90zv12blz6_7p3sb80000gn/T/rust_mozprofileevPjDl/search.json.mozlz4", (void 0)))
console.error: BackgroundUpdate: 
  _reasonsToNotScheduleUpdates: Failed to check for Maintenance Service Registry Key: [Exception... "Component returned failure code: 0x80004001 (NS_ERROR_NOT_IMPLEMENTED) [nsIUpdateProcessor.getServiceRegKeyExists]"  nsresult: "0x80004001 (NS_ERROR_NOT_IMPLEMENTED)"  location: "JS frame :: resource://gre/modules/BackgroundUpdate.jsm :: _reasonsToNotScheduleUpdates :: line 243"  data: no]
DevTools listening on ws://localhost:62184/devtools/browser/6217d2f0-f89a-4ce5-a171-f945354dcc26
1640124537473	Marionette	INFO	Listening on port 62189
1640124537581	RemoteAgent	WARN	TLS certificate errors will be ignored for this session
console.log: WebExtensions: reset-default-search: starting.
console.log: WebExtensions: reset-default-search: No addons in our list are installed.
2021-12-21 17:19:52.427 firefox-bin[68299:675025] Warning: Expected min height of view: (<NSButton: 0x10f7dc800>) to be less than or equal to 30 but got a height of 32.000000. This error will be logged once per view in violation.
2021-12-21 17:19:52.427 firefox-bin[68299:675025] Warning: Expected min height of view: (<NSButton: 0x11f412000>) to be less than or equal to 30 but got a height of 32.000000. This error will be logged once per view in violation.
2021-12-21 17:19:52.428 firefox-bin[68299:675025] Warning: Expected min height of view: (<NSButton: 0x12065cc00>) to be less than or equal to 30 but got a height of 32.000000. This error will be logged once per view in violation.
2021-12-21 17:19:52.429 firefox-bin[68299:675025] Warning: Expected min height of view: (<NSButton: 0x12ea19400>) to be less than or equal to 30 but got a height of 32.000000. This error will be logged once per view in violation.
2021-12-21 17:19:52.429 firefox-bin[68299:675025] Warning: Expected min height of view: (<NSButton: 0x139c49000>) to be less than or equal to 30 but got a height of 32.000000. This error will be logged once per view in violation.
2021-12-21 17:19:52.430 firefox-bin[68299:675025] Warning: Expected min height of view: (<NSPopoverTouchBarItemButton: 0x13b0b6400>) to be less than or equal to 30 but got a height of 32.000000. This error will be logged once per view in violation.
2021-12-21 17:19:52.430 firefox-bin[68299:675025] Warning: Expected min height of view: (<NSPopoverTouchBarItemButton: 0x13b149000>) to be less than or equal to 30 but got a height of 32.000000. This error will be logged once per view in violation.
1640125404763	geckodriver	INFO	Listening on 127.0.0.1:62903
1640125405279	mozrunner::runner	INFO	Running command: "/Applications/Firefox.app/Contents/MacOS/firefox-bin" "--marionette" "--remote-debugging-port" "62904" "-foreground" "-no-remote" "-profile" "/var/folders/wn/v73tvkt90zv12blz6_7p3sb80000gn/T/rust_mozprofilelkO0wh"
1640125405602	Marionette	INFO	Marionette enabled
2021-12-21 17:23:26.150 firefox-bin[68544:686233] Warning: Expected min height of view: (<NSButton: 0x11915b800>) to be less than or equal to 30 but got a height of 32.000000. This error will be logged once per view in violation.
2021-12-21 17:23:26.150 firefox-bin[68544:686233] Warning: Expected min height of view: (<NSButton: 0x11a782400>) to be less than or equal to 30 but got a height of 32.000000. This error will be logged once per view in violation.
2021-12-21 17:23:26.151 firefox-bin[68544:686233] Warning: Expected min height of view: (<NSButton: 0x11a781800>) to be less than or equal to 30 but got a height of 32.000000. This error will be logged once per view in violation.
2021-12-21 17:23:26.151 firefox-bin[68544:686233] Warning: Expected min height of view: (<NSButton: 0x11a780800>) to be less than or equal to 30 but got a height of 32.000000. This error will be logged once per view in violation.
2021-12-21 17:23:26.152 firefox-bin[68544:686233] Warning: Expected min height of view: (<NSButton: 0x11a77b800>) to be less than or equal to 30 but got a height of 32.000000. This error will be logged once per view in violation.
2021-12-21 17:23:26.152 firefox-bin[68544:686233] Warning: Expected min height of view: (<NSPopoverTouchBarItemButton: 0x11a782800>) to be less than or equal to 30 but got a height of 32.000000. This error will be logged once per view in violation.
2021-12-21 17:23:26.153 firefox-bin[68544:686233] Warning: Expected min height of view: (<NSPopoverTouchBarItemButton: 0x117d93800>) to be less than or equal to 30 but got a height of 32.000000. This error will be logged once per view in violation.
console.warn: SearchSettings: "get: No settings file exists, new profile?" (new NotFoundError("Could not open the file at /var/folders/wn/v73tvkt90zv12blz6_7p3sb80000gn/T/rust_mozprofilelkO0wh/search.json.mozlz4", (void 0)))
console.error: BackgroundUpdate: 
  _reasonsToNotScheduleUpdates: Failed to check for Maintenance Service Registry Key: [Exception... "Component returned failure code: 0x80004001 (NS_ERROR_NOT_IMPLEMENTED) [nsIUpdateProcessor.getServiceRegKeyExists]"  nsresult: "0x80004001 (NS_ERROR_NOT_IMPLEMENTED)"  location: "JS frame :: resource://gre/modules/BackgroundUpdate.jsm :: _reasonsToNotScheduleUpdates :: line 243"  data: no]
DevTools listening on ws://localhost:62904/devtools/browser/3e2fbf01-2140-4bec-9901-54a7e6d96130
1640125407192	Marionette	INFO	Listening on port 62909
1640125407238	RemoteAgent	WARN	TLS certificate errors will be ignored for this session
2021-12-21 17:23:36.409 firefox-bin[68299:675025] Warning: Expected min height of view: (<NSButton: 0x12e953400>) to be less than or equal to 30 but got a height of 32.000000. This error will be logged once per view in violation.
2021-12-21 17:23:36.410 firefox-bin[68299:675025] Warning: Expected min height of view: (<NSButton: 0x1380d0000>) to be less than or equal to 30 but got a height of 32.000000. This error will be logged once per view in violation.
2021-12-21 17:23:36.410 firefox-bin[68299:675025] Warning: Expected min height of view: (<NSButton: 0x1380d5400>) to be less than or equal to 30 but got a height of 32.000000. This error will be logged once per view in violation.
2021-12-21 17:23:36.411 firefox-bin[68299:675025] Warning: Expected min height of view: (<NSButton: 0x1380d3c00>) to be less than or equal to 30 but got a height of 32.000000. This error will be logged once per view in violation.
2021-12-21 17:23:36.412 firefox-bin[68299:675025] Warning: Expected min height of view: (<NSButton: 0x1380d4000>) to be less than or equal to 30 but got a height of 32.000000. This error will be logged once per view in violation.
2021-12-21 17:23:36.412 firefox-bin[68299:675025] Warning: Expected min height of view: (<NSPopoverTouchBarItemButton: 0x139e0b000>) to be less than or equal to 30 but got a height of 32.000000. This error will be logged once per view in violation.
2021-12-21 17:23:36.413 firefox-bin[68299:675025] Warning: Expected min height of view: (<NSPopoverTouchBarItemButton: 0x13add0c00>) to be less than or equal to 30 but got a height of 32.000000. This error will be logged once per view in violation.
1640125418420	Marionette	INFO	Stopped listening on port 62909
console.warn: TopSitesFeed: Failed to fetch data from Contile server: NetworkError when attempting to fetch resource.
1640125420893	Marionette	INFO	Stopped listening on port 62189
